Base distance: 161.0

 SUMMARY (Distance, Route) :
11.0 : St25 - St23 - St24 - St9 - 
10.0 : St25 - St24 - St23 - St9 - 
11.0 : St25 - St23 - St9 - St38 - 
11.0 : St25 - St23 - St24 - St9 - 
10.0 : St25 - St24 - St23 - St9 - 
11.0 : St25 - St24 - St23 - St38 - 
11.0 : St25 - St23 - St24 - St9 - 
10.0 : St25 - St24 - St23 - St9 - 
10.0 : St25 - St24 - St23 - St9 - 
10.0 : St25 - St23 - St9 - St13 - 
11.0 : St25 - St23 - St24 - St9 - 
10.0 : St25 - St24 - St23 - St9 - 
9.0 : St25 - St23 - St9 - St26 - 
11.0 : St25 - St23 - St24 - St9 - 
10.0 : St25 - St24 - St23 - St9 - 
10.0 : St24 - St23 - St9 - St27 - 
10.0 : St25 - St24 - St23 - St9 - 
8.0 : St26 - 
12.0 : St12 - 
8.0 : St26 - 
14.0 : St15 - 
8.0 : St26 - 
14.0 : St15 - 
8.0 : St26 - 
8.0 : St38 - 
8.0 : St38 - 
14.0 : St24 - 
8.0 : St38 - 
9.0 : St9 - 
8.0 : St38 - 
8.0 : St38 - 
13.0 : St31 - St10 - St12 - 
12.0 : St31 - St10 - St26 - 
13.0 : St31 - St10 - St12 - 
13.0 : St31 - St12 - St10 - 
11.0 : St25 - St10 - St12 - 
11.0 : St25 - St12 - St10 - 
11.0 : St25 - St23 - St12 - 
8.0 : St27 - St8 - 
8.0 : St8 - St13 - 
8.0 : St8 - St27 - 
9.0 : St27 - St13 - 
8.0 : St27 - St8 - 
8.0 : St8 - St26 - 
8.0 : St8 - St27 - 
8.0 : St27 - St8 - 
14.0 : St8 - St25 - 
8.0 : St8 - St27 - 
7.0 : St13 - 
9.0 : St27 - 
7.0 : St13 - 
8.0 : St8 - 
7.0 : St13 - 
7.0 : St13 - 
15.0 : St24 - 
7.0 : St13 - 
16.0 : St38 - St15 - 
11.0 : St38 - St26 - 
16.0 : St38 - St15 - 
11.0 : St38 - St26 - 
16.0 : St38 - St15 - 
15.0 : St26 - St15 - 
14.0 : St15 - St26 - 
14.0 : St15 - St26 - 
15.0 : St27 - St15 - 
15.0 : St26 - St15 - 
14.0 : St15 - St26 - 
15.0 : St26 - St15 - 
14.0 : St15 - St26 - 
15.0 : St15 - St24 - 
15.0 : St26 - St15 - 
14.0 : St15 - St26 - 
15.0 : St25 - St23 - St24 - St31 - 
17.0 : St24 - St23 - St31 - St31 - 
16.0 : St23 - St24 - St31 - St31 - 
15.0 : St31 - St31 - St24 - St23 - 
16.0 : St23 - St24 - St31 - St31 - 
16.0 : St10 - St24 - St31 - St31 - 
15.0 : St31 - St31 - St24 - St10 - 
