Base distance: 68.0

 SUMMARY (Distance, Route) :
22.0 : St4 - St6 - St5 - St2 - 
19.0 : St4 - St2 - St5 - St6 - 
13.0 : St4 - St2 - St6 - St5 - 
13.0 : St4 - St10 - St2 - St5 - 
22.0 : St4 - St6 - St5 - St2 - 
19.0 : St4 - St2 - St5 - St6 - 
13.0 : St4 - St2 - St6 - St5 - 
22.0 : St6 - St5 - St7 - St2 - 
16.0 : St6 - St2 - St7 - St5 - 
22.0 : St4 - St6 - St5 - St2 - 
19.0 : St4 - St2 - St5 - St6 - 
13.0 : St4 - St2 - St6 - St5 - 
13.0 : St4 - St10 - St2 - St5 - 
22.0 : St4 - St6 - St5 - St2 - 
19.0 : St4 - St2 - St5 - St6 - 
13.0 : St4 - St2 - St6 - St5 - 
21.0 : St6 - St5 - St1 - St2 - 
19.0 : St2 - St5 - St1 - St6 - 
13.0 : St2 - St6 - St1 - St5 - 
22.0 : St4 - St6 - St5 - St2 - 
19.0 : St4 - St2 - St5 - St6 - 
13.0 : St4 - St2 - St6 - St5 - 
13.0 : St4 - St2 - St1 - St5 - 
22.0 : St4 - St6 - St5 - St2 - 
19.0 : St4 - St2 - St5 - St6 - 
13.0 : St4 - St2 - St6 - St5 - 
11.0 : St9 - St10 - St7 - 
11.0 : St9 - St6 - St7 - 
11.0 : St9 - St10 - St7 - 
10.0 : St9 - St4 - St10 - 
9.0 : St9 - St10 - St4 - 
11.0 : St9 - St10 - St7 - 
11.0 : St9 - St6 - St7 - 
11.0 : St9 - St10 - St7 - 
3.0 : St1 - 
11.0 : St4 - 
3.0 : St1 - 
8.0 : St6 - 
3.0 : St1 - 
