Base distance: 117.0

 SUMMARY (Distance, Route) :
11.0 : St22 - St34 - 
14.0 : St30 - St34 - 
11.0 : St22 - St34 - 
10.0 : St22 - St28 - 
11.0 : St22 - St34 - 
11.0 : St22 - St25 - 
11.0 : St22 - St34 - 
9.0 : St22 - St30 - 
11.0 : St22 - St34 - 
14.0 : St26 - St34 - 
11.0 : St22 - St34 - 
13.0 : St34 - St28 - 
11.0 : St22 - St34 - 
11.0 : St22 - St25 - 
11.0 : St22 - St34 - 
10.0 : St22 - St35 - 
11.0 : St22 - St34 - 
9.0 : St22 - St30 - 
11.0 : St22 - St34 - 
14.0 : St24 - St25 - St31 - 
13.0 : St25 - St24 - St31 - 
14.0 : St25 - St31 - St28 - 
13.0 : St25 - St24 - St31 - 
10.0 : St25 - St24 - St28 - 
13.0 : St25 - St24 - St31 - 
13.0 : St24 - St31 - St28 - 
14.0 : St24 - St25 - St31 - 
13.0 : St25 - St24 - St31 - 
15.0 : St24 - St31 - St34 - 
14.0 : St24 - St25 - St31 - 
13.0 : St25 - St24 - St31 - 
10.0 : St25 - St24 - St26 - 
9.0 : St24 - St25 - St26 - 
14.0 : St24 - St25 - St31 - 
13.0 : St25 - St24 - St31 - 
15.0 : St24 - St31 - St34 - 
14.0 : St24 - St25 - St31 - 
13.0 : St25 - St24 - St31 - 
13.0 : St25 - St31 - St30 - 
13.0 : St25 - St24 - St31 - 
13.0 : St24 - St31 - St28 - 
14.0 : St24 - St25 - St31 - 
13.0 : St25 - St24 - St31 - 
10.0 : St25 - St24 - St28 - 
13.0 : St25 - St24 - St31 - 
14.0 : St25 - St31 - St28 - 
13.0 : St25 - St24 - St31 - 
7.0 : St26 - St30 - 
12.0 : St26 - St22 - 
11.0 : St22 - St26 - 
7.0 : St26 - St30 - 
16.0 : St30 - St31 - 
15.0 : St31 - St30 - 
7.0 : St30 - St26 - 
12.0 : St26 - St34 - 
7.0 : St26 - St30 - 
12.0 : St30 - St22 - 
11.0 : St22 - St30 - 
7.0 : St30 - St26 - 
13.0 : St26 - St24 - 
7.0 : St26 - St30 - 
7.0 : St26 - St28 - 
7.0 : St26 - St30 - 
8.0 : St30 - St37 - 
7.0 : St30 - St26 - 
12.0 : St26 - St34 - 
7.0 : St26 - St30 - 
8.0 : St26 - St37 - 
7.0 : St26 - St30 - 
6.0 : St28 - 
12.0 : St34 - 
6.0 : St28 - 
9.0 : St35 - 
6.0 : St28 - 
15.0 : St24 - 
6.0 : St28 - 
19.0 : St31 - 
6.0 : St28 - 
15.0 : St25 - 
6.0 : St28 - 
9.0 : St35 - 
6.0 : St28 - 
15.0 : St22 - 
6.0 : St28 - 
6.0 : St37 - 
6.0 : St28 - 
15.0 : St25 - 
6.0 : St28 - 
9.0 : St30 - 
6.0 : St28 - 
6.0 : St37 - 
6.0 : St28 - 
19.0 : St31 - 
6.0 : St28 - 
6.0 : St37 - 
6.0 : St28 - 
15.0 : St24 - 
6.0 : St28 - 
7.0 : St37 - St35 - 
7.0 : St37 - St28 - 
7.0 : St37 - St35 - 
7.0 : St37 - St28 - 
7.0 : St37 - St35 - 
9.0 : St35 - St28 - 
7.0 : St37 - St35 - 
10.0 : St37 - St34 - 
7.0 : St37 - St35 - 
9.0 : St35 - St28 - 
7.0 : St37 - St35 - 
11.0 : St35 - St26 - 
7.0 : St37 - St35 - 
9.0 : St35 - St28 - 
7.0 : St37 - St35 - 
11.0 : St35 - St30 - 
7.0 : St37 - St35 - 
