Base distance: 185.0

 SUMMARY (Distance, Route) :
7.0 : St13 - St29 - St28 - 
16.0 : St13 - St28 - St23 - 
7.0 : St13 - St29 - St28 - 
10.0 : St13 - St28 - St27 - 
7.0 : St13 - St29 - St28 - 
20.0 : St13 - St28 - St31 - 
7.0 : St13 - St29 - St28 - 
10.0 : St13 - St29 - St30 - 
7.0 : St13 - St29 - St28 - 
10.0 : St29 - St28 - St3 - 
7.0 : St13 - St29 - St28 - 
10.0 : St13 - St28 - St3 - 
7.0 : St13 - St29 - St28 - 
16.0 : St13 - St29 - St2 - 
7.0 : St13 - St29 - St28 - 
10.0 : St13 - St29 - St3 - 
7.0 : St13 - St29 - St28 - 
16.0 : St13 - St28 - St22 - 
7.0 : St13 - St29 - St28 - 
10.0 : St29 - St28 - St4 - 
7.0 : St13 - St29 - St28 - 
10.0 : St29 - St28 - St30 - 
7.0 : St13 - St29 - St28 - 
10.0 : St13 - St28 - St3 - 
7.0 : St13 - St29 - St28 - 
16.0 : St13 - St29 - St2 - 
7.0 : St13 - St29 - St28 - 
16.0 : St29 - St28 - St22 - 
7.0 : St13 - St29 - St28 - 
8.0 : St29 - St28 - St36 - 
7.0 : St13 - St29 - St28 - 
16.0 : St13 - St29 - St15 - 
7.0 : St13 - St29 - St28 - 
10.0 : St29 - St28 - St27 - 
7.0 : St13 - St29 - St28 - 
14.0 : St13 - St29 - St21 - 
7.0 : St13 - St29 - St28 - 
18.0 : St19 - St20 - St21 - St22 - St23 - 
17.0 : St19 - St20 - St23 - St22 - St21 - 
17.0 : St29 - St21 - St20 - St22 - St19 - 
19.0 : St19 - St20 - St22 - St21 - St23 - 
18.0 : St19 - St21 - St22 - St20 - St23 - 
17.0 : St19 - St23 - St22 - St20 - St21 - 
16.0 : St30 - St22 - St20 - St19 - St21 - 
19.0 : St22 - St20 - St19 - St21 - St23 - 
18.0 : St22 - St21 - St19 - St20 - St23 - 
17.0 : St22 - St23 - St19 - St20 - St21 - 
23.0 : St19 - St23 - St20 - St21 - St31 - 
22.0 : St19 - St21 - St20 - St23 - St31 - 
21.0 : St23 - St20 - St31 - St19 - St21 - 
18.0 : St20 - St23 - St19 - St21 - St22 - 
17.0 : St20 - St23 - St19 - St22 - St21 - 
17.0 : St36 - St19 - St23 - St20 - St21 - 
18.0 : St20 - St23 - St19 - St21 - St22 - 
17.0 : St20 - St23 - St19 - St22 - St21 - 
18.0 : St35 - St19 - St23 - St20 - St21 - 
18.0 : St20 - St23 - St19 - St21 - St22 - 
17.0 : St20 - St23 - St19 - St22 - St21 - 
17.0 : St4 - St21 - St20 - St23 - St22 - 
18.0 : St21 - St20 - St22 - St23 - St19 - 
17.0 : St22 - St23 - St19 - St20 - St21 - 
17.0 : St37 - St22 - St19 - St20 - St21 - 
18.0 : St19 - St21 - St20 - St22 - St23 - 
17.0 : St19 - St23 - St20 - St22 - St21 - 
17.0 : St29 - St21 - St20 - St23 - St19 - 
18.0 : St21 - St20 - St19 - St23 - St22 - 
17.0 : St19 - St23 - St22 - St20 - St21 - 
23.0 : St19 - St23 - St22 - St21 - St31 - 
22.0 : St19 - St21 - St22 - St23 - St31 - 
21.0 : St22 - St23 - St31 - St19 - St21 - 
18.0 : St23 - St22 - St19 - St21 - St20 - 
17.0 : St23 - St22 - St19 - St20 - St21 - 
16.0 : St27 - St19 - St20 - St22 - St21 - 
16.0 : St27 - St19 - St20 - St22 - St21 - 
16.0 : St13 - St27 - St19 - St20 - St21 - 
17.0 : St27 - St21 - St19 - St20 - St22 - 
16.0 : St27 - St22 - St19 - St20 - St21 - 
17.0 : St27 - St30 - St20 - St19 - St22 - 
16.0 : St27 - St22 - St20 - St19 - St30 - 
16.0 : St27 - St22 - St19 - St20 - St21 - 
17.0 : St27 - St4 - St21 - St22 - St20 - 
16.0 : St4 - St27 - St22 - St20 - St21 - 
17.0 : St27 - St22 - St20 - St21 - St19 - 
16.0 : St27 - St22 - St20 - St19 - St21 - 
18.0 : St27 - St3 - St20 - St22 - St19 - 
17.0 : St3 - St27 - St20 - St22 - St19 - 
16.0 : St27 - St19 - St22 - St20 - St21 - 
17.0 : St27 - St19 - St22 - St21 - St35 - 
17.0 : St27 - St22 - St19 - St21 - St20 - 
16.0 : St27 - St22 - St19 - St20 - St21 - 
16.0 : St13 - St19 - St22 - St20 - St21 - 
16.0 : St27 - St22 - St20 - St19 - St21 - 
16.0 : St28 - St27 - St22 - St20 - St19 - 
11.0 : St36 - St37 - St35 - St14 - St3 - St4 - 
10.0 : St36 - St37 - St35 - St4 - St3 - St14 - 
9.0 : St3 - St4 - St14 - St36 - St37 - St35 - 
21.0 : St36 - St37 - St35 - St4 - St3 - St31 - 
20.0 : St36 - St37 - St35 - St31 - St3 - St4 - 
19.0 : St4 - St3 - St31 - St35 - St37 - St36 - 
11.0 : St36 - St37 - St35 - St14 - St4 - St3 - 
10.0 : St36 - St37 - St35 - St3 - St4 - St14 - 
9.0 : St4 - St3 - St14 - St36 - St37 - St35 - 
8.0 : St36 - St14 - St3 - St4 - St27 - St37 - 
7.0 : St4 - St3 - St27 - St14 - St36 - St37 - 
11.0 : St14 - St36 - St37 - St35 - St4 - St3 - 
10.0 : St36 - St14 - St3 - St4 - St37 - St35 - 
9.0 : St3 - St4 - St14 - St36 - St35 - St37 - 
18.0 : St14 - St37 - St35 - St4 - St3 - St22 - 
16.0 : St14 - St37 - St35 - St22 - St3 - St4 - 
15.0 : St37 - St35 - St22 - St3 - St4 - St14 - 
14.0 : St14 - St3 - St4 - St22 - St35 - St37 - 
11.0 : St14 - St36 - St37 - St35 - St3 - St4 - 
10.0 : St36 - St14 - St4 - St3 - St37 - St35 - 
9.0 : St4 - St3 - St14 - St36 - St35 - St37 - 
11.0 : St36 - St37 - St35 - St14 - St4 - St13 - 
11.0 : St14 - St36 - St37 - St35 - St4 - St3 - 
10.0 : St36 - St14 - St3 - St4 - St37 - St35 - 
9.0 : St3 - St4 - St14 - St36 - St35 - St37 - 
10.0 : St36 - St14 - St4 - St3 - St30 - St35 - 
9.0 : St3 - St30 - St4 - St14 - St36 - St35 - 
10.0 : St36 - St14 - St4 - St3 - St37 - St35 - 
9.0 : St4 - St3 - St14 - St36 - St35 - St37 - 
11.0 : St36 - St37 - St35 - St14 - St4 - St29 - 
10.0 : St29 - St4 - St14 - St36 - St35 - St37 - 
11.0 : St36 - St37 - St35 - St14 - St4 - St3 - 
10.0 : St36 - St37 - St35 - St3 - St4 - St14 - 
9.0 : St4 - St3 - St14 - St36 - St37 - St35 - 
17.0 : St36 - St14 - St3 - St4 - St37 - St22 - 
16.0 : St22 - St14 - St3 - St4 - St37 - St36 - 
14.0 : St22 - St4 - St3 - St14 - St37 - St36 - 
13.0 : St14 - St4 - St3 - St22 - St37 - St36 - 
11.0 : St14 - St36 - St37 - St35 - St3 - St4 - 
10.0 : St36 - St14 - St4 - St3 - St37 - St35 - 
9.0 : St4 - St3 - St14 - St36 - St35 - St37 - 
17.0 : St36 - St37 - St35 - St14 - St3 - St19 - 
14.0 : St36 - St37 - St35 - St19 - St3 - St14 - 
11.0 : St14 - St36 - St37 - St35 - St3 - St4 - 
10.0 : St36 - St14 - St4 - St3 - St37 - St35 - 
9.0 : St4 - St3 - St14 - St36 - St35 - St37 - 
19.0 : St36 - St14 - St3 - St4 - St35 - St23 - 
18.0 : St23 - St14 - St3 - St4 - St35 - St36 - 
16.0 : St23 - St4 - St3 - St14 - St35 - St36 - 
15.0 : St14 - St4 - St3 - St23 - St35 - St36 - 
11.0 : St14 - St36 - St37 - St35 - St4 - St3 - 
10.0 : St36 - St14 - St3 - St4 - St37 - St35 - 
9.0 : St3 - St4 - St14 - St36 - St35 - St37 - 
11.0 : St36 - St37 - St35 - St14 - St28 - St4 - 
10.0 : St36 - St37 - St35 - St4 - St28 - St14 - 
9.0 : St4 - St28 - St14 - St36 - St37 - St35 - 
11.0 : St14 - St36 - St37 - St35 - St4 - St3 - 
10.0 : St36 - St14 - St3 - St4 - St37 - St35 - 
9.0 : St3 - St4 - St14 - St36 - St35 - St37 - 
11.0 : St36 - St37 - St35 - St14 - St3 - St13 - 
11.0 : St14 - St36 - St37 - St35 - St3 - St4 - 
10.0 : St36 - St14 - St4 - St3 - St37 - St35 - 
9.0 : St4 - St3 - St14 - St36 - St35 - St37 - 
19.0 : St36 - St37 - St14 - St3 - St4 - St31 - 
18.0 : St36 - St37 - St31 - St3 - St4 - St14 - 
17.0 : St4 - St31 - St3 - St14 - St36 - St37 - 
11.0 : St36 - St37 - St14 - St4 - St3 - St35 - 
10.0 : St36 - St37 - St35 - St4 - St3 - St14 - 
9.0 : St3 - St4 - St14 - St36 - St35 - St37 - 
11.0 : St36 - St37 - St35 - St14 - St4 - St29 - 
10.0 : St29 - St4 - St14 - St36 - St35 - St37 - 
11.0 : St36 - St37 - St35 - St14 - St4 - St3 - 
10.0 : St36 - St37 - St35 - St3 - St4 - St14 - 
9.0 : St4 - St3 - St14 - St36 - St37 - St35 - 
18.0 : St36 - St14 - St3 - St37 - St35 - St19 - 
17.0 : St36 - St19 - St3 - St37 - St35 - St14 - 
16.0 : St36 - St19 - St3 - St14 - St35 - St37 - 
14.0 : St36 - St14 - St3 - St19 - St35 - St37 - 
11.0 : St14 - St36 - St37 - St35 - St3 - St4 - 
10.0 : St36 - St14 - St4 - St3 - St37 - St35 - 
9.0 : St4 - St3 - St14 - St36 - St35 - St37 - 
15.0 : St36 - St37 - St14 - St3 - St4 - St23 - 
14.0 : St36 - St37 - St23 - St3 - St4 - St14 - 
13.0 : St4 - St23 - St3 - St14 - St36 - St37 - 
11.0 : St36 - St37 - St14 - St4 - St3 - St35 - 
10.0 : St36 - St37 - St35 - St4 - St3 - St14 - 
9.0 : St3 - St4 - St14 - St36 - St35 - St37 - 
12.0 : St14 - St37 - St35 - St4 - St3 - St13 - 
11.0 : St14 - St36 - St37 - St35 - St3 - St4 - 
10.0 : St36 - St14 - St4 - St3 - St37 - St35 - 
9.0 : St4 - St3 - St14 - St36 - St35 - St37 - 
15.0 : St36 - St37 - St35 - St14 - St4 - St21 - 
13.0 : St36 - St37 - St35 - St21 - St4 - St14 - 
11.0 : St14 - St36 - St37 - St35 - St4 - St3 - 
10.0 : St36 - St14 - St3 - St4 - St37 - St35 - 
9.0 : St3 - St4 - St14 - St36 - St35 - St37 - 
15.0 : St36 - St37 - St14 - St4 - St3 - St20 - 
13.0 : St36 - St37 - St20 - St4 - St3 - St14 - 
11.0 : St14 - St36 - St37 - St35 - St4 - St3 - 
10.0 : St36 - St14 - St3 - St4 - St37 - St35 - 
9.0 : St3 - St4 - St14 - St36 - St35 - St37 - 
18.0 : St15 - St25 - St2 - St26 - St27 - St30 - St31 - 
17.0 : St15 - St25 - St2 - St26 - St31 - St30 - St27 - 
16.0 : St31 - St25 - St2 - St26 - St15 - St30 - St27 - 
13.0 : St31 - St25 - St2 - St15 - St26 - St30 - St27 - 
12.0 : St31 - St2 - St25 - St15 - St26 - St30 - St27 - 
9.0 : St15 - St25 - St2 - St27 - St26 - St30 - St14 - 
8.0 : St15 - St25 - St2 - St30 - St26 - St27 - St14 - 
19.0 : St25 - St2 - St15 - St26 - St30 - St27 - St31 - 
18.0 : St25 - St2 - St27 - St26 - St30 - St15 - St31 - 
17.0 : St25 - St2 - St27 - St26 - St31 - St15 - St30 - 
16.0 : St31 - St2 - St27 - St26 - St25 - St15 - St30 - 
12.0 : St31 - St15 - St25 - St2 - St26 - St27 - St30 - 
15.0 : St15 - St25 - St2 - St31 - St30 - St26 - St35 - 
14.0 : St31 - St2 - St25 - St15 - St30 - St26 - St35 - 
13.0 : St15 - St25 - St2 - St31 - St26 - St30 - St27 - 
12.0 : St31 - St15 - St25 - St2 - St26 - St30 - St27 - 
14.0 : St15 - St25 - St2 - St23 - St31 - St26 - St27 - 
13.0 : St31 - St25 - St2 - St23 - St15 - St26 - St27 - 
12.0 : St31 - St2 - St25 - St23 - St15 - St26 - St27 - 
14.0 : St25 - St2 - St15 - St31 - St27 - St26 - St30 - 
13.0 : St31 - St2 - St15 - St25 - St27 - St26 - St30 - 
12.0 : St31 - St15 - St25 - St2 - St30 - St27 - St26 - 
14.0 : St25 - St2 - St15 - St31 - St26 - St30 - St29 - 
13.0 : St31 - St2 - St15 - St25 - St26 - St30 - St29 - 
12.0 : St31 - St2 - St25 - St15 - St26 - St30 - St29 - 
13.0 : St15 - St25 - St2 - St31 - St30 - St26 - St27 - 
12.0 : St31 - St15 - St25 - St2 - St30 - St26 - St27 - 
14.0 : St15 - St25 - St2 - St26 - St30 - St27 - St22 - 
13.0 : St15 - St25 - St2 - St26 - St22 - St27 - St30 - 
11.0 : St15 - St25 - St2 - St22 - St26 - St27 - St30 - 
19.0 : St25 - St2 - St15 - St30 - St26 - St27 - St31 - 
18.0 : St25 - St2 - St27 - St30 - St26 - St15 - St31 - 
17.0 : St25 - St2 - St27 - St30 - St31 - St15 - St26 - 
16.0 : St31 - St2 - St27 - St30 - St25 - St15 - St26 - 
12.0 : St31 - St15 - St25 - St2 - St30 - St27 - St26 - 
9.0 : St15 - St25 - St2 - St27 - St26 - St30 - St29 - 
18.0 : St15 - St25 - St2 - St26 - St30 - St27 - St31 - 
17.0 : St15 - St25 - St2 - St26 - St31 - St27 - St30 - 
13.0 : St15 - St25 - St2 - St31 - St26 - St27 - St30 - 
12.0 : St31 - St15 - St25 - St2 - St26 - St30 - St27 - 
13.0 : St15 - St25 - St2 - St31 - St26 - St27 - St28 - 
12.0 : St31 - St15 - St25 - St2 - St26 - St27 - St28 - 
13.0 : St15 - St25 - St2 - St31 - St26 - St27 - St30 - 
12.0 : St31 - St15 - St25 - St2 - St26 - St27 - St30 - 
14.0 : St15 - St25 - St2 - St31 - St27 - St26 - St37 - 
13.0 : St15 - St25 - St2 - St31 - St26 - St27 - St37 - 
12.0 : St31 - St15 - St25 - St2 - St26 - St27 - St37 - 
14.0 : St25 - St2 - St15 - St31 - St26 - St27 - St30 - 
13.0 : St31 - St2 - St15 - St25 - St26 - St27 - St30 - 
12.0 : St31 - St2 - St25 - St15 - St26 - St27 - St30 - 
13.0 : St25 - St15 - St31 - St30 - St26 - St27 - St28 - 
12.0 : St31 - St15 - St25 - St30 - St26 - St27 - St28 - 
14.0 : St25 - St15 - St2 - St31 - St26 - St30 - St27 - 
13.0 : St31 - St15 - St2 - St25 - St26 - St30 - St27 - 
12.0 : St31 - St15 - St25 - St2 - St26 - St30 - St27 - 
10.0 : St25 - St2 - St15 - St20 - St26 - St27 - St30 - 
18.0 : St15 - St25 - St2 - St30 - St27 - St26 - St31 - 
17.0 : St15 - St25 - St2 - St30 - St31 - St26 - St27 - 
16.0 : St31 - St25 - St2 - St30 - St15 - St26 - St27 - 
13.0 : St31 - St25 - St2 - St15 - St30 - St26 - St27 - 
12.0 : St31 - St2 - St25 - St15 - St30 - St26 - St27 - 
14.0 : St15 - St25 - St2 - St31 - St27 - St26 - St13 - 
13.0 : St31 - St15 - St25 - St2 - St26 - St27 - St13 - 
13.0 : St15 - St25 - St2 - St31 - St27 - St26 - St30 - 
12.0 : St31 - St15 - St25 - St2 - St27 - St26 - St30 - 
14.0 : St15 - St25 - St2 - St23 - St31 - St26 - St30 - 
13.0 : St31 - St25 - St2 - St23 - St15 - St26 - St30 - 
12.0 : St31 - St2 - St25 - St23 - St15 - St26 - St30 - 
12.0 : St31 - St2 - St25 - St23 - St15 - St26 - St30 - 
12.0 : St25 - St2 - St23 - St15 - St26 - St30 - St35 - 
11.0 : St23 - St15 - St25 - St2 - St30 - St26 - St35 - 
14.0 : St25 - St2 - St15 - St23 - St31 - St30 - St26 - 
13.0 : St25 - St2 - St31 - St23 - St15 - St30 - St26 - 
12.0 : St31 - St2 - St25 - St23 - St15 - St30 - St26 - 
13.0 : St25 - St23 - St15 - St31 - St30 - St26 - St28 - 
12.0 : St31 - St23 - St15 - St25 - St30 - St26 - St28 - 
14.0 : St25 - St23 - St15 - St2 - St31 - St30 - St26 - 
13.0 : St15 - St23 - St25 - St2 - St31 - St30 - St26 - 
12.0 : St31 - St15 - St23 - St25 - St2 - St30 - St26 - 
19.0 : St15 - St23 - St25 - St2 - St21 - St26 - St31 - 
17.0 : St15 - St23 - St25 - St2 - St31 - St26 - St21 - 
14.0 : St15 - St23 - St25 - St2 - St31 - St21 - St26 - 
13.0 : St31 - St2 - St25 - St15 - St23 - St21 - St26 - 
14.0 : St25 - St2 - St15 - St23 - St31 - St26 - St30 - 
13.0 : St25 - St2 - St31 - St23 - St15 - St26 - St30 - 
12.0 : St31 - St2 - St25 - St23 - St15 - St26 - St30 - 
16.0 : St25 - St2 - St15 - St31 - St26 - St30 - St35 - 
15.0 : St31 - St2 - St15 - St25 - St26 - St30 - St35 - 
14.0 : St31 - St2 - St25 - St15 - St26 - St30 - St35 - 
14.0 : St15 - St25 - St2 - St23 - St31 - St26 - St30 - 
13.0 : St31 - St25 - St2 - St23 - St15 - St26 - St30 - 
12.0 : St31 - St2 - St25 - St23 - St15 - St26 - St30 - 
14.0 : St25 - St2 - St23 - St31 - St26 - St30 - St28 - 
13.0 : St31 - St2 - St23 - St25 - St26 - St30 - St28 - 
12.0 : St31 - St23 - St25 - St2 - St30 - St26 - St28 - 
14.0 : St23 - St25 - St2 - St15 - St31 - St26 - St30 - 
13.0 : St23 - St25 - St2 - St31 - St15 - St26 - St30 - 
12.0 : St31 - St15 - St23 - St25 - St2 - St30 - St26 - 
