Base distance: 81.0

 SUMMARY (Distance, Route) :
10.0 : St18 - St15 - St17 - 
10.0 : St18 - St15 - St16 - 
10.0 : St18 - St15 - St17 - 
9.0 : St18 - St15 - St14 - 
10.0 : St18 - St15 - St17 - 
11.0 : St15 - St17 - St19 - 
10.0 : St18 - St15 - St17 - 
9.0 : St18 - St15 - St14 - 
10.0 : St18 - St15 - St17 - 
10.0 : St16 - St19 - 
9.0 : St16 - St14 - 
10.0 : St16 - St19 - 
9.0 : St16 - St14 - 
10.0 : St16 - St19 - 
10.0 : St19 - St17 - 
10.0 : St19 - St16 - 
9.0 : St16 - St14 - 
10.0 : St16 - St19 - 
11.0 : St16 - St18 - 
10.0 : St16 - St19 - 
9.0 : St16 - St14 - 
10.0 : St16 - St19 - 
9.0 : St19 - St14 - 
10.0 : St19 - St16 - 
9.0 : St16 - St14 - 
10.0 : St16 - St19 - 
6.0 : St14 - 
15.0 : St19 - 
6.0 : St14 - 
15.0 : St19 - 
6.0 : St14 - 
16.0 : St17 - 
6.0 : St14 - 
15.0 : St19 - 
6.0 : St14 - 
15.0 : St19 - 
6.0 : St14 - 
15.0 : St16 - 
6.0 : St14 - 
16.0 : St17 - 
6.0 : St14 - 
15.0 : St19 - 
6.0 : St14 - 
