Base distance: 68.0

 SUMMARY (Distance, Route) :
22.0 : St4 - St6 - St5 - St2 - 
19.0 : St4 - St2 - St5 - St6 - 
13.0 : St4 - St2 - St6 - St5 - 
14.0 : St4 - St2 - St7 - St5 - 
14.0 : St4 - St2 - St7 - St5 - 
13.0 : St4 - St10 - St2 - St7 - 
13.0 : St4 - St10 - St2 - St7 - 
12.0 : St4 - St10 - St2 - St1 - 
13.0 : St4 - St10 - St2 - St7 - 
15.0 : St10 - St2 - St6 - St7 - 
13.0 : St4 - St10 - St2 - St7 - 
11.0 : St9 - St10 - St7 - 
9.0 : St9 - St7 - St1 - 
11.0 : St9 - St10 - St7 - 
9.0 : St9 - St10 - St6 - 
9.0 : St9 - St10 - St6 - 
8.0 : St9 - St6 - St5 - 
8.0 : St9 - St6 - St5 - 
8.0 : St9 - St4 - St5 - 
8.0 : St9 - St6 - St5 - 
3.0 : St1 - 
15.0 : St10 - 
3.0 : St1 - 
9.0 : St7 - 
3.0 : St1 - 
